<?xml version="1.0" encoding="UTF-8"?>
<!-- Generated by org.testng.reporters.JUnitReportReporter -->
<testsuite hostname="MindSDET415" failures="0" tests="1" name="mindtree.amzonTest.driverConfigTest" time="1.337" errors="0" timestamp="2021-12-12T20:37:19 GMT+05:30" skipped="0">
  <testcase classname="mindtree.amzonTest.driverConfigTest" name="driverConfiguration" time="1.337"/>
  <system-out/>
</testsuite> <!-- mindtree.amzonTest.driverConfigTest -->
