<?xml version="1.0" encoding="UTF-8"?>
<!-- Generated by org.testng.reporters.JUnitReportReporter -->
<testsuite hostname="MindSDET415" failures="0" tests="3" name="mindtree.amzonTest.siteNavigSearchTest" time="9.984" errors="0" timestamp="2021-12-12T20:30:26 GMT+05:30" skipped="0">
  <testcase classname="mindtree.amzonTest.siteNavigSearchTest" name="driverConfiguration" time="2.384"/>
  <system-out/>
  <testcase classname="mindtree.amzonTest.siteNavigSearchTest" name="navigation" time="4.555"/>
  <system-out/>
  <testcase classname="mindtree.amzonTest.siteNavigSearchTest" name="searchModel" time="3.045"/>
  <system-out/>
</testsuite> <!-- mindtree.amzonTest.siteNavigSearchTest -->
